  AppWindow.cpp
C:\Users\Vincent\source\repos\DirectXGame\Matrix4x4.h(103,44): warning C4244: '=': conversion from 'double' to 'float', possible loss of data
C:\Users\Vincent\source\repos\DirectXGame\Matrix4x4.h(104,44): warning C4244: '=': conversion from 'double' to 'float', possible loss of data
C:\Users\Vincent\source\repos\DirectXGame\Matrix4x4.h(105,44): warning C4244: '=': conversion from 'double' to 'float', possible loss of data
C:\Users\Vincent\source\repos\DirectXGame\Matrix4x4.h(106,44): warning C4244: '=': conversion from 'double' to 'float', possible loss of data
C:\Users\Vincent\source\repos\DirectXGame\AppWindow.cpp(125,120): warning C4305: 'argument': truncation from 'double' to 'float'
  Camera.cpp
C:\Users\Vincent\source\repos\DirectXGame\Matrix4x4.h(40,20): warning C4244: '=': conversion from 'double' to 'float', possible loss of data
C:\Users\Vincent\source\repos\DirectXGame\Matrix4x4.h(41,20): warning C4244: '=': conversion from 'double' to 'float', possible loss of data
C:\Users\Vincent\source\repos\DirectXGame\Matrix4x4.h(42,17): warning C4244: '=': conversion from 'double' to 'float', possible loss of data
C:\Users\Vincent\source\repos\DirectXGame\Matrix4x4.h(43,20): warning C4244: '=': conversion from 'double' to 'float', possible loss of data
C:\Users\Vincent\source\repos\DirectXGame\Matrix4x4.h(48,20): warning C4244: '=': conversion from 'double' to 'float', possible loss of data
C:\Users\Vincent\source\repos\DirectXGame\Matrix4x4.h(49,17): warning C4244: '=': conversion from 'double' to 'float', possible loss of data
C:\Users\Vincent\source\repos\DirectXGame\Matrix4x4.h(50,20): warning C4244: '=': conversion from 'double' to 'float', possible loss of data
C:\Users\Vincent\source\repos\DirectXGame\Matrix4x4.h(51,20): warning C4244: '=': conversion from 'double' to 'float', possible loss of data
C:\Users\Vincent\source\repos\DirectXGame\Matrix4x4.h(56,20): warning C4244: '=': conversion from 'double' to 'float', possible loss of data
C:\Users\Vincent\source\repos\DirectXGame\Matrix4x4.h(57,20): warning C4244: '=': conversion from 'double' to 'float', possible loss of data
C:\Users\Vincent\source\repos\DirectXGame\Matrix4x4.h(58,17): warning C4244: '=': conversion from 'double' to 'float', possible loss of data
C:\Users\Vincent\source\repos\DirectXGame\Matrix4x4.h(59,20): warning C4244: '=': conversion from 'double' to 'float', possible loss of data
C:\Users\Vincent\source\repos\DirectXGame\Matrix4x4.h(103,44): warning C4244: '=': conversion from 'double' to 'float', possible loss of data
C:\Users\Vincent\source\repos\DirectXGame\Matrix4x4.h(104,44): warning C4244: '=': conversion from 'double' to 'float', possible loss of data
C:\Users\Vincent\source\repos\DirectXGame\Matrix4x4.h(105,44): warning C4244: '=': conversion from 'double' to 'float', possible loss of data
C:\Users\Vincent\source\repos\DirectXGame\Matrix4x4.h(106,44): warning C4244: '=': conversion from 'double' to 'float', possible loss of data
C:\Users\Vincent\source\repos\DirectXGame\Matrix4x4.h(152,16): warning C4244: 'initializing': conversion from 'double' to 'float', possible loss of data
C:\Users\Vincent\source\repos\DirectXGame\Camera.cpp(41,27): warning C4305: 'argument': truncation from 'double' to 'float'
C:\Users\Vincent\source\repos\DirectXGame\Camera.cpp(115,76): warning C4244: '+=': conversion from 'double' to 'float', possible loss of data
C:\Users\Vincent\source\repos\DirectXGame\Camera.cpp(116,75): warning C4244: '+=': conversion from 'double' to 'float', possible loss of data
  Cube.cpp
C:\Users\Vincent\source\repos\DirectXGame\Matrix4x4.h(103,44): warning C4244: '=': conversion from 'double' to 'float', possible loss of data
C:\Users\Vincent\source\repos\DirectXGame\Matrix4x4.h(104,44): warning C4244: '=': conversion from 'double' to 'float', possible loss of data
C:\Users\Vincent\source\repos\DirectXGame\Matrix4x4.h(105,44): warning C4244: '=': conversion from 'double' to 'float', possible loss of data
C:\Users\Vincent\source\repos\DirectXGame\Matrix4x4.h(106,44): warning C4244: '=': conversion from 'double' to 'float', possible loss of data
C:\Users\Vincent\source\repos\DirectXGame\Cube.cpp(324,83): warning C4305: 'argument': truncation from 'double' to 'float'
  Quads.cpp
C:\Users\Vincent\source\repos\DirectXGame\Matrix4x4.h(103,44): warning C4244: '=': conversion from 'double' to 'float', possible loss of data
C:\Users\Vincent\source\repos\DirectXGame\Matrix4x4.h(104,44): warning C4244: '=': conversion from 'double' to 'float', possible loss of data
C:\Users\Vincent\source\repos\DirectXGame\Matrix4x4.h(105,44): warning C4244: '=': conversion from 'double' to 'float', possible loss of data
C:\Users\Vincent\source\repos\DirectXGame\Matrix4x4.h(106,44): warning C4244: '=': conversion from 'double' to 'float', possible loss of data
C:\Users\Vincent\source\repos\DirectXGame\Quads.cpp(170,83): warning C4305: 'argument': truncation from 'double' to 'float'
  CameraHandler.cpp
C:\Users\Vincent\source\repos\DirectXGame\Matrix4x4.h(40,20): warning C4244: '=': conversion from 'double' to 'float', possible loss of data
C:\Users\Vincent\source\repos\DirectXGame\Matrix4x4.h(41,20): warning C4244: '=': conversion from 'double' to 'float', possible loss of data
C:\Users\Vincent\source\repos\DirectXGame\Matrix4x4.h(42,17): warning C4244: '=': conversion from 'double' to 'float', possible loss of data
C:\Users\Vincent\source\repos\DirectXGame\Matrix4x4.h(43,20): warning C4244: '=': conversion from 'double' to 'float', possible loss of data
C:\Users\Vincent\source\repos\DirectXGame\Matrix4x4.h(48,20): warning C4244: '=': conversion from 'double' to 'float', possible loss of data
C:\Users\Vincent\source\repos\DirectXGame\Matrix4x4.h(49,17): warning C4244: '=': conversion from 'double' to 'float', possible loss of data
C:\Users\Vincent\source\repos\DirectXGame\Matrix4x4.h(50,20): warning C4244: '=': conversion from 'double' to 'float', possible loss of data
C:\Users\Vincent\source\repos\DirectXGame\Matrix4x4.h(51,20): warning C4244: '=': conversion from 'double' to 'float', possible loss of data
C:\Users\Vincent\source\repos\DirectXGame\Matrix4x4.h(56,20): warning C4244: '=': conversion from 'double' to 'float', possible loss of data
C:\Users\Vincent\source\repos\DirectXGame\Matrix4x4.h(57,20): warning C4244: '=': conversion from 'double' to 'float', possible loss of data
C:\Users\Vincent\source\repos\DirectXGame\Matrix4x4.h(58,17): warning C4244: '=': conversion from 'double' to 'float', possible loss of data
C:\Users\Vincent\source\repos\DirectXGame\Matrix4x4.h(59,20): warning C4244: '=': conversion from 'double' to 'float', possible loss of data
C:\Users\Vincent\source\repos\DirectXGame\Matrix4x4.h(103,44): warning C4244: '=': conversion from 'double' to 'float', possible loss of data
C:\Users\Vincent\source\repos\DirectXGame\Matrix4x4.h(104,44): warning C4244: '=': conversion from 'double' to 'float', possible loss of data
C:\Users\Vincent\source\repos\DirectXGame\Matrix4x4.h(105,44): warning C4244: '=': conversion from 'double' to 'float', possible loss of data
C:\Users\Vincent\source\repos\DirectXGame\Matrix4x4.h(106,44): warning C4244: '=': conversion from 'double' to 'float', possible loss of data
C:\Users\Vincent\source\repos\DirectXGame\Matrix4x4.h(152,16): warning C4244: 'initializing': conversion from 'double' to 'float', possible loss of data
C:\Users\Vincent\source\repos\DirectXGame\CameraHandler.cpp(27,52): warning C4244: 'argument': conversion from 'double' to 'float', possible loss of data
  Generating Code...
  DirectXGame.vcxproj -> C:\Users\Vincent\source\repos\DirectXGame\x64\Debug\DirectXGame.exe
